<?xml version="1.0" encoding="UTF-8" ?>
<testsuite errors="0" failures="0" hostname="Dell" name="com.example.ShiroTagLibSpec" tests="2" time="0.993" timestamp="2014-09-02T06:25:21">
  <properties />
  <testcase classname="com.example.ShiroTagLibSpec" name="test ShiroTagLib" time="0.963" />
  <testcase classname="com.example.ShiroTagLibSpec" name="test tag calls" time="0.019" />
  <system-out><![CDATA[--Output from test ShiroTagLib--
--Output from test tag calls--
]]></system-out>
  <system-err><![CDATA[--Output from test ShiroTagLib--
--Output from test tag calls--
]]></system-err>
</testsuite>
