<?xml version="1.0" encoding="UTF-8" ?>
<testsuite errors="0" failures="0" hostname="Dell" name="com.example.RoleSpec" tests="10" time="0.541" timestamp="2014-09-02T14:12:16">
  <properties />
  <testcase classname="com.example.RoleSpec" name="test Role all constraints name is nullable" time="0.131" />
  <testcase classname="com.example.RoleSpec" name="test Role all constraints name is nullable" time="0.05" />
  <testcase classname="com.example.RoleSpec" name="test Role all constraints name is unique" time="0.039" />
  <testcase classname="com.example.RoleSpec" name="test Role all constraints name is valid" time="0.036" />
  <testcase classname="com.example.RoleSpec" name="Role name using  results in false" time="0.034" />
  <testcase classname="com.example.RoleSpec" name="Role name using aaaaaaaaaaaaaaa results in true" time="0.041" />
  <testcase classname="com.example.RoleSpec" name="Role user testing valid" time="0.039" />
  <testcase classname="com.example.RoleSpec" name="Role user testing valid" time="0.035" />
  <testcase classname="com.example.RoleSpec" name="Role permission testing valid" time="0.047" />
  <testcase classname="com.example.RoleSpec" name="Role permission testing valid" time="0.05" />
  <system-out><![CDATA[--Output from test Role all constraints name is nullable--
--Output from test Role all constraints name is nullable--
--Output from test Role all constraints name is unique--
--Output from test Role all constraints name is valid--
--Output from Role name using  results in false--
--Output from Role name using aaaaaaaaaaaaaaa results in true--
--Output from Role user testing valid--
--Output from Role user testing valid--
--Output from Role permission testing valid--
--Output from Role permission testing valid--
]]></system-out>
  <system-err><![CDATA[--Output from test Role all constraints name is nullable--
--Output from test Role all constraints name is nullable--
--Output from test Role all constraints name is unique--
--Output from test Role all constraints name is valid--
--Output from Role name using  results in false--
--Output from Role name using aaaaaaaaaaaaaaa results in true--
--Output from Role user testing valid--
--Output from Role user testing valid--
--Output from Role permission testing valid--
--Output from Role permission testing valid--
]]></system-err>
</testsuite>
