<?xml version="1.0" encoding="UTF-8" ?>
<testsuite errors="0" failures="1" hostname="Dell" name="com.example.SignupControllerSpec" tests="1" time="0.336" timestamp="2014-09-01T08:57:33">
  <properties />
  <testcase classname="com.example.SignupControllerSpec" name="Test the index action" time="0.324">
    <failure message="Condition not satisfied:&#xa;&#xa;response.text==&apos;Register&apos;&#xa;|        |   |&#xa;|        &quot;&quot;  false&#xa;|            8 differences (0% similarity)&#xa;|            (--------)&#xa;|            (Register)&#xa;org.codehaus.groovy.grails.plugins.testing.GrailsMockHttpServletResponse@53e7e53d&#xa;" type="junit.framework.AssertionFailedError">junit.framework.AssertionFailedError: Condition not satisfied:

response.text==&apos;Register&apos;
|        |   |
|        &quot;&quot;  false
|            8 differences (0% similarity)
|            (--------)
|            (Register)
org.codehaus.groovy.grails.plugins.testing.GrailsMockHttpServletResponse@53e7e53d

	at com.example.SignupControllerSpec.Test the index action(SignupControllerSpec.groovy:25)
</failure>
  </testcase>
  <system-out><![CDATA[--Output from Test the index action--
]]></system-out>
  <system-err><![CDATA[--Output from Test the index action--
]]></system-err>
</testsuite>
