<?xml version="1.0" encoding="UTF-8" ?>
<testsuite errors="0" failures="0" hostname="Dell" name="com.example.RoleSpec" tests="10" time="0.824" timestamp="2014-08-24T14:38:25">
  <properties />
  <testcase classname="com.example.RoleSpec" name="test Role all constraints name is nullable" time="0.183" />
  <testcase classname="com.example.RoleSpec" name="test Role all constraints name is nullable" time="0.071" />
  <testcase classname="com.example.RoleSpec" name="test Role all constraints name is unique" time="0.073" />
  <testcase classname="com.example.RoleSpec" name="test Role all constraints name is valid" time="0.079" />
  <testcase classname="com.example.RoleSpec" name="Role name using  results in false" time="0.08" />
  <testcase classname="com.example.RoleSpec" name="Role name using aaaaaaaaaaaaaaa results in true" time="0.074" />
  <testcase classname="com.example.RoleSpec" name="Role user testing valid" time="0.056" />
  <testcase classname="com.example.RoleSpec" name="Role user testing valid" time="0.053" />
  <testcase classname="com.example.RoleSpec" name="Role permission testing valid" time="0.054" />
  <testcase classname="com.example.RoleSpec" name="Role permission testing valid" time="0.05" />
  <system-out><![CDATA[--Output from test Role all constraints name is nullable--
--Output from test Role all constraints name is nullable--
--Output from test Role all constraints name is unique--
--Output from test Role all constraints name is valid--
--Output from Role name using  results in false--
--Output from Role name using aaaaaaaaaaaaaaa results in true--
--Output from Role user testing valid--
--Output from Role user testing valid--
--Output from Role permission testing valid--
--Output from Role permission testing valid--
]]></system-out>
  <system-err><![CDATA[--Output from test Role all constraints name is nullable--
--Output from test Role all constraints name is nullable--
--Output from test Role all constraints name is unique--
--Output from test Role all constraints name is valid--
--Output from Role name using  results in false--
--Output from Role name using aaaaaaaaaaaaaaa results in true--
--Output from Role user testing valid--
--Output from Role user testing valid--
--Output from Role permission testing valid--
--Output from Role permission testing valid--
]]></system-err>
</testsuite>
