<?xml version="1.0" encoding="UTF-8" ?>
<testsuite errors="0" failures="0" hostname="Dell" name="com.example.PermissionSpec" tests="10" time="1.212" timestamp="2014-09-01T08:57:30">
  <properties />
  <testcase classname="com.example.PermissionSpec" name="test Permission all constraints acl is nullable" time="0.465" />
  <testcase classname="com.example.PermissionSpec" name="test Permission all constraints acl is nullable" time="0.108" />
  <testcase classname="com.example.PermissionSpec" name="test Permission all constraints acl is unique" time="0.089" />
  <testcase classname="com.example.PermissionSpec" name="test Permission all constraints acl is valid" time="0.072" />
  <testcase classname="com.example.PermissionSpec" name="Permission acl using  results in false" time="0.071" />
  <testcase classname="com.example.PermissionSpec" name="Permission acl using aaaaaaaaaaaaaaa results in true" time="0.065" />
  <testcase classname="com.example.PermissionSpec" name="Permission user testing valid" time="0.069" />
  <testcase classname="com.example.PermissionSpec" name="Permission user testing valid" time="0.075" />
  <testcase classname="com.example.PermissionSpec" name="Permission role testing valid" time="0.073" />
  <testcase classname="com.example.PermissionSpec" name="Permission role testing valid" time="0.064" />
  <system-out><![CDATA[--Output from test Permission all constraints acl is nullable--
--Output from test Permission all constraints acl is nullable--
--Output from test Permission all constraints acl is unique--
--Output from test Permission all constraints acl is valid--
--Output from Permission acl using  results in false--
--Output from Permission acl using aaaaaaaaaaaaaaa results in true--
--Output from Permission user testing valid--
--Output from Permission user testing valid--
--Output from Permission role testing valid--
--Output from Permission role testing valid--
]]></system-out>
  <system-err><![CDATA[--Output from test Permission all constraints acl is nullable--
--Output from test Permission all constraints acl is nullable--
--Output from test Permission all constraints acl is unique--
--Output from test Permission all constraints acl is valid--
--Output from Permission acl using  results in false--
--Output from Permission acl using aaaaaaaaaaaaaaa results in true--
--Output from Permission user testing valid--
--Output from Permission user testing valid--
--Output from Permission role testing valid--
--Output from Permission role testing valid--
]]></system-err>
</testsuite>
