<?xml version="1.0" encoding="UTF-8" ?>
<testsuite errors="0" failures="0" hostname="Dell" name="com.example.UserSpec" tests="8" time="0.524" timestamp="2014-08-23T14:11:56">
  <properties />
  <testcase classname="com.example.UserSpec" name="test User all constraints username is nullable" time="0.208" />
  <testcase classname="com.example.UserSpec" name="test User all constraints username is nullable" time="0.039" />
  <testcase classname="com.example.UserSpec" name="test User all constraints username is unique" time="0.04" />
  <testcase classname="com.example.UserSpec" name="test User all constraints username is valid" time="0.042" />
  <testcase classname="com.example.UserSpec" name="test User all constraints passwordHash is nullable" time="0.035" />
  <testcase classname="com.example.UserSpec" name="test User all constraints passwordHash is nullable" time="0.038" />
  <testcase classname="com.example.UserSpec" name="test User all constraints passwordSalt is nullable" time="0.044" />
  <testcase classname="com.example.UserSpec" name="test User all constraints passwordSalt is nullable" time="0.061" />
  <system-out><![CDATA[--Output from test User all constraints username is nullable--
--Output from test User all constraints username is nullable--
--Output from test User all constraints username is unique--
--Output from test User all constraints username is valid--
--Output from test User all constraints passwordHash is nullable--
--Output from test User all constraints passwordHash is nullable--
--Output from test User all constraints passwordSalt is nullable--
--Output from test User all constraints passwordSalt is nullable--
]]></system-out>
  <system-err><![CDATA[--Output from test User all constraints username is nullable--
--Output from test User all constraints username is nullable--
--Output from test User all constraints username is unique--
--Output from test User all constraints username is valid--
--Output from test User all constraints passwordHash is nullable--
--Output from test User all constraints passwordHash is nullable--
--Output from test User all constraints passwordSalt is nullable--
--Output from test User all constraints passwordSalt is nullable--
]]></system-err>
</testsuite>
