<?xml version="1.0" encoding="UTF-8" ?>
<testsuite errors="0" failures="0" hostname="Dell" name="com.example.RoleSpec" tests="10" time="0.771" timestamp="2014-09-01T08:57:32">
  <properties />
  <testcase classname="com.example.RoleSpec" name="test Role all constraints name is nullable" time="0.142" />
  <testcase classname="com.example.RoleSpec" name="test Role all constraints name is nullable" time="0.058" />
  <testcase classname="com.example.RoleSpec" name="test Role all constraints name is unique" time="0.068" />
  <testcase classname="com.example.RoleSpec" name="test Role all constraints name is valid" time="0.065" />
  <testcase classname="com.example.RoleSpec" name="Role name using  results in false" time="0.067" />
  <testcase classname="com.example.RoleSpec" name="Role name using aaaaaaaaaaaaaaa results in true" time="0.073" />
  <testcase classname="com.example.RoleSpec" name="Role user testing valid" time="0.055" />
  <testcase classname="com.example.RoleSpec" name="Role user testing valid" time="0.05" />
  <testcase classname="com.example.RoleSpec" name="Role permission testing valid" time="0.097" />
  <testcase classname="com.example.RoleSpec" name="Role permission testing valid" time="0.048" />
  <system-out><![CDATA[--Output from test Role all constraints name is nullable--
--Output from test Role all constraints name is nullable--
--Output from test Role all constraints name is unique--
--Output from test Role all constraints name is valid--
--Output from Role name using  results in false--
--Output from Role name using aaaaaaaaaaaaaaa results in true--
--Output from Role user testing valid--
--Output from Role user testing valid--
--Output from Role permission testing valid--
--Output from Role permission testing valid--
]]></system-out>
  <system-err><![CDATA[--Output from test Role all constraints name is nullable--
--Output from test Role all constraints name is nullable--
--Output from test Role all constraints name is unique--
--Output from test Role all constraints name is valid--
--Output from Role name using  results in false--
--Output from Role name using aaaaaaaaaaaaaaa results in true--
--Output from Role user testing valid--
--Output from Role user testing valid--
--Output from Role permission testing valid--
--Output from Role permission testing valid--
]]></system-err>
</testsuite>
