<?xml version="1.0" encoding="UTF-8" ?>
<testsuite errors="0" failures="0" hostname="Dell" name="com.example.RoleControllerSpec" tests="7" time="0.928" timestamp="2014-09-02T06:25:19">
  <properties />
  <testcase classname="com.example.RoleControllerSpec" name="Test the index action returns the correct model" time="0.398" />
  <testcase classname="com.example.RoleControllerSpec" name="Test the create action returns the correct model" time="0.044" />
  <testcase classname="com.example.RoleControllerSpec" name="Test the save action correctly persists an instance" time="0.129" />
  <testcase classname="com.example.RoleControllerSpec" name="Test that the show action returns the correct model" time="0.047" />
  <testcase classname="com.example.RoleControllerSpec" name="Test that the edit action returns the correct model" time="0.041" />
  <testcase classname="com.example.RoleControllerSpec" name="Test the update action performs an update on a valid domain instance" time="0.13" />
  <testcase classname="com.example.RoleControllerSpec" name="Test that the delete action deletes an instance if it exists" time="0.105" />
  <system-out><![CDATA[--Output from Test the index action returns the correct model--
--Output from Test the create action returns the correct model--
--Output from Test the save action correctly persists an instance--
--Output from Test that the show action returns the correct model--
--Output from Test that the edit action returns the correct model--
--Output from Test the update action performs an update on a valid domain instance--
--Output from Test that the delete action deletes an instance if it exists--
]]></system-out>
  <system-err><![CDATA[--Output from Test the index action returns the correct model--
--Output from Test the create action returns the correct model--
--Output from Test the save action correctly persists an instance--
--Output from Test that the show action returns the correct model--
--Output from Test that the edit action returns the correct model--
--Output from Test the update action performs an update on a valid domain instance--
--Output from Test that the delete action deletes an instance if it exists--
]]></system-err>
</testsuite>
