<?xml version="1.0" encoding="UTF-8" ?>
<testsuite errors="0" failures="0" hostname="Dell" name="com.example.PermissionSpec" tests="10" time="5.844" timestamp="2014-08-24T14:38:19">
  <properties />
  <testcase classname="com.example.PermissionSpec" name="test Permission all constraints acl is nullable" time="3.517" />
  <testcase classname="com.example.PermissionSpec" name="test Permission all constraints acl is nullable" time="0.16" />
  <testcase classname="com.example.PermissionSpec" name="test Permission all constraints acl is unique" time="1.521" />
  <testcase classname="com.example.PermissionSpec" name="test Permission all constraints acl is valid" time="0.081" />
  <testcase classname="com.example.PermissionSpec" name="Permission acl using  results in false" time="0.086" />
  <testcase classname="com.example.PermissionSpec" name="Permission acl using aaaaaaaaaaaaaaa results in true" time="0.079" />
  <testcase classname="com.example.PermissionSpec" name="Permission user testing valid" time="0.086" />
  <testcase classname="com.example.PermissionSpec" name="Permission user testing valid" time="0.078" />
  <testcase classname="com.example.PermissionSpec" name="Permission role testing valid" time="0.073" />
  <testcase classname="com.example.PermissionSpec" name="Permission role testing valid" time="0.06" />
  <system-out><![CDATA[--Output from test Permission all constraints acl is nullable--
--Output from test Permission all constraints acl is nullable--
--Output from test Permission all constraints acl is unique--
--Output from test Permission all constraints acl is valid--
--Output from Permission acl using  results in false--
--Output from Permission acl using aaaaaaaaaaaaaaa results in true--
--Output from Permission user testing valid--
--Output from Permission user testing valid--
--Output from Permission role testing valid--
--Output from Permission role testing valid--
]]></system-out>
  <system-err><![CDATA[--Output from test Permission all constraints acl is nullable--
--Output from test Permission all constraints acl is nullable--
--Output from test Permission all constraints acl is unique--
--Output from test Permission all constraints acl is valid--
--Output from Permission acl using  results in false--
--Output from Permission acl using aaaaaaaaaaaaaaa results in true--
--Output from Permission user testing valid--
--Output from Permission user testing valid--
--Output from Permission role testing valid--
--Output from Permission role testing valid--
]]></system-err>
</testsuite>
