<?xml version="1.0" encoding="UTF-8" ?>
<testsuite errors="0" failures="0" hostname="Dell" name="com.example.UserSpec" tests="15" time="0.797" timestamp="2014-08-25T08:23:18">
  <properties />
  <testcase classname="com.example.UserSpec" name="test User all constraints username is nullable" time="0.14" />
  <testcase classname="com.example.UserSpec" name="test User all constraints username is nullable" time="0.047" />
  <testcase classname="com.example.UserSpec" name="test User all constraints username is email" time="0.047" />
  <testcase classname="com.example.UserSpec" name="test User all constraints username is unique" time="0.047" />
  <testcase classname="com.example.UserSpec" name="test User all constraints username is valid" time="0.047" />
  <testcase classname="com.example.UserSpec" name="test User all constraints passwordHash is nullable" time="0.047" />
  <testcase classname="com.example.UserSpec" name="test User all constraints passwordHash is nullable" time="0.047" />
  <testcase classname="com.example.UserSpec" name="test User all constraints passwordSalt is nullable" time="0.031" />
  <testcase classname="com.example.UserSpec" name="test User all constraints passwordSalt is nullable" time="0.047" />
  <testcase classname="com.example.UserSpec" name="User username using dexterm@m results in false" time="0.062" />
  <testcase classname="com.example.UserSpec" name="User username using dexterm@miamipd.gov results in true" time="0.032" />
  <testcase classname="com.example.UserSpec" name="User role testing valid" time="0.046" />
  <testcase classname="com.example.UserSpec" name="User role testing valid" time="0.047" />
  <testcase classname="com.example.UserSpec" name="User permission testing valid" time="0.032" />
  <testcase classname="com.example.UserSpec" name="User permission testing valid" time="0.046" />
  <system-out><![CDATA[--Output from test User all constraints username is nullable--
--Output from test User all constraints username is nullable--
--Output from test User all constraints username is email--
--Output from test User all constraints username is unique--
--Output from test User all constraints username is valid--
--Output from test User all constraints passwordHash is nullable--
--Output from test User all constraints passwordHash is nullable--
--Output from test User all constraints passwordSalt is nullable--
--Output from test User all constraints passwordSalt is nullable--
--Output from User username using dexterm@m results in false--
--Output from User username using dexterm@miamipd.gov results in true--
--Output from User role testing valid--
--Output from User role testing valid--
--Output from User permission testing valid--
--Output from User permission testing valid--
]]></system-out>
  <system-err><![CDATA[--Output from test User all constraints username is nullable--
--Output from test User all constraints username is nullable--
--Output from test User all constraints username is email--
--Output from test User all constraints username is unique--
--Output from test User all constraints username is valid--
--Output from test User all constraints passwordHash is nullable--
--Output from test User all constraints passwordHash is nullable--
--Output from test User all constraints passwordSalt is nullable--
--Output from test User all constraints passwordSalt is nullable--
--Output from User username using dexterm@m results in false--
--Output from User username using dexterm@miamipd.gov results in true--
--Output from User role testing valid--
--Output from User role testing valid--
--Output from User permission testing valid--
--Output from User permission testing valid--
]]></system-err>
</testsuite>
