<?xml version="1.0" encoding="UTF-8" ?>
<testsuite errors="0" failures="0" hostname="Dell" name="com.example.PermissionSpec" tests="4" time="5.069" timestamp="2014-08-23T14:11:51">
  <properties />
  <testcase classname="com.example.PermissionSpec" name="test Permission all constraints acl is nullable" time="4.102" />
  <testcase classname="com.example.PermissionSpec" name="test Permission all constraints acl is nullable" time="0.066" />
  <testcase classname="com.example.PermissionSpec" name="test Permission all constraints acl is unique" time="0.796" />
  <testcase classname="com.example.PermissionSpec" name="test Permission all constraints acl is valid" time="0.04" />
  <system-out><![CDATA[--Output from test Permission all constraints acl is nullable--
--Output from test Permission all constraints acl is nullable--
--Output from test Permission all constraints acl is unique--
--Output from test Permission all constraints acl is valid--
]]></system-out>
  <system-err><![CDATA[--Output from test Permission all constraints acl is nullable--
--Output from test Permission all constraints acl is nullable--
--Output from test Permission all constraints acl is unique--
--Output from test Permission all constraints acl is valid--
]]></system-err>
</testsuite>
